<?xml version="1.0" encoding="UTF-8"?>
<!-- Generated by org.testng.reporters.JUnitXMLReporter -->
<testsuite ignored="0" hostname="LAPTOP-H20SSLVK" failures="0" tests="2" name="Default test(failed)" time="0.114" errors="0" timestamp="2021-02-20T14:56:16 IST">
  <testcase classname="Lesson2.Test3" name="@BeforeTest c" time="0.072">
    <failure type="java.lang.IllegalStateException" message="The path to the driver executable must be set by the webdriver.ie.driver system property; for more information, see https://github.com/SeleniumHQ/selenium/wiki/InternetExplorerDriver. The latest version can be downloaded from http://selenium-release.storage.googleapis.com/index.html">
      <![CDATA[java.lang.IllegalStateException: The path to the driver executable must be set by the webdriver.ie.driver system property; for more information, see https://github.com/SeleniumHQ/selenium/wiki/InternetExplorerDriver. The latest version can be downloaded from http://selenium-release.storage.googleapis.com/index.html
at com.google.common.base.Preconditions.checkState(Preconditions.java:847)
at org.openqa.selenium.remote.service.DriverService.findExecutable(DriverService.java:134)
at org.openqa.selenium.ie.InternetExplorerDriverService.access$000(InternetExplorerDriverService.java:35)
at org.openqa.selenium.ie.InternetExplorerDriverService$Builder.findDefaultExecutable(InternetExplorerDriverService.java:175)
at org.openqa.selenium.remote.service.DriverService$Builder.build(DriverService.java:355)
at org.openqa.selenium.ie.InternetExplorerDriver.setupService(InternetExplorerDriver.java:281)
at org.openqa.selenium.ie.InternetExplorerDriver.<init>(InternetExplorerDriver.java:211)
at org.openqa.selenium.ie.InternetExplorerDriver.<init>(InternetExplorerDriver.java:150)
at Lesson2.Test3.c(Test3.java:28)
... Removed 24 stack frames]]>
    </failure>
  </testcase> <!-- @BeforeTest c -->
  <testcase classname="Lesson2.Test3" name="@AfterTest afterClass" time="-1.613813176862E9">
    <skipped/>
  </testcase> <!-- @AfterTest afterClass -->
  <testcase classname="Lesson2.Test3" name="f" time="0.0">
    <skipped/>
  </testcase> <!-- f -->
  <testcase classname="Lesson2.Test3" name="s" time="0.0">
    <skipped/>
  </testcase> <!-- s -->
</testsuite> <!-- Default test(failed) -->
